-- The C compiler identification is GNU 11.4.0
-- The CXX compiler identification is GNU 11.4.0
-- Detecting C compiler ABI info
-- Detecting C compiler ABI info - done
-- Check for working C compiler: /usr/bin/cc - skipped
-- Detecting C compile features
-- Detecting C compile features - done
-- Detecting CXX compiler ABI info
-- Detecting CXX compiler ABI info - done
-- Check for working CXX compiler: /usr/bin/c++ - skipped
-- Detecting CXX compile features
-- Detecting CXX compile features - done
-- Found ament_cmake: 1.3.7 (/opt/ros/humble/share/ament_cmake/cmake)
-- Found Python3: /usr/bin/python3.10 (found version "3.10.12") found components: Interpreter 
-- Override CMake install command with custom implementation using symlinks instead of copying resources
-- Configuring done
-- Generating done
-- Build files have been written to: /home/chandansinghchauhan/programming/robotics/mulitTurtlebot3/build/multi_bot_bringup
-- Install configuration: ""
-- Execute custom install script
-- Symlinking: /home/chandansinghchauhan/programming/robotics/mulitTurtlebot3/install/multi_bot_bringup/share/multi_bot_bringup/launch/turtlebot1.launch.py
-- Symlinking: /home/chandansinghchauhan/programming/robotics/mulitTurtlebot3/install/multi_bot_bringup/share/multi_bot_bringup/launch/turtlebot2.launch.py
-- Symlinking: /home/chandansinghchauhan/programming/robotics/mulitTurtlebot3/install/multi_bot_bringup/share/ament_index/resource_index/package_run_dependencies/multi_bot_bringup
-- Symlinking: /home/chandansinghchauhan/programming/robotics/mulitTurtlebot3/install/multi_bot_bringup/share/ament_index/resource_index/parent_prefix_path/multi_bot_bringup
-- Symlinking: /home/chandansinghchauhan/programming/robotics/mulitTurtlebot3/install/multi_bot_bringup/share/multi_bot_bringup/environment/ament_prefix_path.sh
-- Symlinking: /home/chandansinghchauhan/programming/robotics/mulitTurtlebot3/install/multi_bot_bringup/share/multi_bot_bringup/environment/ament_prefix_path.dsv
-- Symlinking: /home/chandansinghchauhan/programming/robotics/mulitTurtlebot3/install/multi_bot_bringup/share/multi_bot_bringup/environment/path.sh
-- Symlinking: /home/chandansinghchauhan/programming/robotics/mulitTurtlebot3/install/multi_bot_bringup/share/multi_bot_bringup/environment/path.dsv
-- Symlinking: /home/chandansinghchauhan/programming/robotics/mulitTurtlebot3/install/multi_bot_bringup/share/multi_bot_bringup/local_setup.bash
-- Symlinking: /home/chandansinghchauhan/programming/robotics/mulitTurtlebot3/install/multi_bot_bringup/share/multi_bot_bringup/local_setup.sh
-- Symlinking: /home/chandansinghchauhan/programming/robotics/mulitTurtlebot3/install/multi_bot_bringup/share/multi_bot_bringup/local_setup.zsh
-- Symlinking: /home/chandansinghchauhan/programming/robotics/mulitTurtlebot3/install/multi_bot_bringup/share/multi_bot_bringup/local_setup.dsv
-- Symlinking: /home/chandansinghchauhan/programming/robotics/mulitTurtlebot3/install/multi_bot_bringup/share/multi_bot_bringup/package.dsv
-- Symlinking: /home/chandansinghchauhan/programming/robotics/mulitTurtlebot3/install/multi_bot_bringup/share/ament_index/resource_index/packages/multi_bot_bringup
-- Symlinking: /home/chandansinghchauhan/programming/robotics/mulitTurtlebot3/install/multi_bot_bringup/share/multi_bot_bringup/cmake/multi_bot_bringupConfig.cmake
-- Symlinking: /home/chandansinghchauhan/programming/robotics/mulitTurtlebot3/install/multi_bot_bringup/share/multi_bot_bringup/cmake/multi_bot_bringupConfig-version.cmake
-- Symlinking: /home/chandansinghchauhan/programming/robotics/mulitTurtlebot3/install/multi_bot_bringup/share/multi_bot_bringup/package.xml
