[0.161s] Invoking command in '/home/chandansinghchauhan/programming/robotics/mulitTurtlebot3/build/multi_bot_bringup': CMAKE_PREFIX_PATH=${CMAKE_PREFIX_PATH}:/home/chandansinghchauhan/programming/robotics/AdvanceRos2_ws/install/lifecycle_py:/home/chandansinghchauhan/programming/robotics/AdvanceRos2_ws/install/actions_py:/home/chandansinghchauhan/eyrc/eyrc_hb/hb_task_2_ws/install/hb_task2b:/home/chandansinghchauhan/eyrc/eyrc_hb/hb_task_2_ws/install/hb_task2a:/home/chandansinghchauhan/eyrc/eyrc_hb/eyrc_hb_stage_2/task4/task_4C_ws/install/hb_camera:/home/chandansinghchauhan/eyrc/eyrc_hb/eyrc_hb_stage_2/task4/task_4C_ws/install/controller:/home/chandansinghchauhan/eyrc/eyrc_hb/eyrc_hb_stage_2/task4/task_4C_ws/install/cmd_vel:/home/chandansinghchauhan/programming/robotics/ros2_ws6/install/my_py_pkg:/opt/ros/humble /usr/bin/cmake /home/chandansinghchauhan/programming/robotics/mulitTurtlebot3/src/multi_bot_bringup -DAMENT_CMAKE_SYMLINK_INSTALL=1 -DCMAKE_INSTALL_PREFIX=/home/chandansinghchauhan/programming/robotics/mulitTurtlebot3/install/multi_bot_bringup
[0.283s] -- The C compiler identification is GNU 11.4.0
[0.364s] -- The CXX compiler identification is GNU 11.4.0
[0.376s] -- Detecting C compiler ABI info
[0.432s] -- Detecting C compiler ABI info - done
[0.438s] -- Check for working C compiler: /usr/bin/cc - skipped
[0.438s] -- Detecting C compile features
[0.439s] -- Detecting C compile features - done
[0.442s] -- Detecting CXX compiler ABI info
[0.505s] -- Detecting CXX compiler ABI info - done
[0.510s] -- Check for working CXX compiler: /usr/bin/c++ - skipped
[0.511s] -- Detecting CXX compile features
[0.511s] -- Detecting CXX compile features - done
[0.524s] -- Found ament_cmake: 1.3.7 (/opt/ros/humble/share/ament_cmake/cmake)
[1.093s] -- Found Python3: /usr/bin/python3.10 (found version "3.10.12") found components: Interpreter 
[1.157s] -- Override CMake install command with custom implementation using symlinks instead of copying resources
[1.285s] -- Configuring done
[1.287s] -- Generating done
[1.288s] -- Build files have been written to: /home/chandansinghchauhan/programming/robotics/mulitTurtlebot3/build/multi_bot_bringup
[1.292s] Invoked command in '/home/chandansinghchauhan/programming/robotics/mulitTurtlebot3/build/multi_bot_bringup' returned '0': CMAKE_PREFIX_PATH=${CMAKE_PREFIX_PATH}:/home/chandansinghchauhan/programming/robotics/AdvanceRos2_ws/install/lifecycle_py:/home/chandansinghchauhan/programming/robotics/AdvanceRos2_ws/install/actions_py:/home/chandansinghchauhan/eyrc/eyrc_hb/hb_task_2_ws/install/hb_task2b:/home/chandansinghchauhan/eyrc/eyrc_hb/hb_task_2_ws/install/hb_task2a:/home/chandansinghchauhan/eyrc/eyrc_hb/eyrc_hb_stage_2/task4/task_4C_ws/install/hb_camera:/home/chandansinghchauhan/eyrc/eyrc_hb/eyrc_hb_stage_2/task4/task_4C_ws/install/controller:/home/chandansinghchauhan/eyrc/eyrc_hb/eyrc_hb_stage_2/task4/task_4C_ws/install/cmd_vel:/home/chandansinghchauhan/programming/robotics/ros2_ws6/install/my_py_pkg:/opt/ros/humble /usr/bin/cmake /home/chandansinghchauhan/programming/robotics/mulitTurtlebot3/src/multi_bot_bringup -DAMENT_CMAKE_SYMLINK_INSTALL=1 -DCMAKE_INSTALL_PREFIX=/home/chandansinghchauhan/programming/robotics/mulitTurtlebot3/install/multi_bot_bringup
[1.293s] Invoking command in '/home/chandansinghchauhan/programming/robotics/mulitTurtlebot3/build/multi_bot_bringup': CMAKE_PREFIX_PATH=${CMAKE_PREFIX_PATH}:/home/chandansinghchauhan/programming/robotics/AdvanceRos2_ws/install/lifecycle_py:/home/chandansinghchauhan/programming/robotics/AdvanceRos2_ws/install/actions_py:/home/chandansinghchauhan/eyrc/eyrc_hb/hb_task_2_ws/install/hb_task2b:/home/chandansinghchauhan/eyrc/eyrc_hb/hb_task_2_ws/install/hb_task2a:/home/chandansinghchauhan/eyrc/eyrc_hb/eyrc_hb_stage_2/task4/task_4C_ws/install/hb_camera:/home/chandansinghchauhan/eyrc/eyrc_hb/eyrc_hb_stage_2/task4/task_4C_ws/install/controller:/home/chandansinghchauhan/eyrc/eyrc_hb/eyrc_hb_stage_2/task4/task_4C_ws/install/cmd_vel:/home/chandansinghchauhan/programming/robotics/ros2_ws6/install/my_py_pkg:/opt/ros/humble /usr/bin/cmake --build /home/chandansinghchauhan/programming/robotics/mulitTurtlebot3/build/multi_bot_bringup -- -j12 -l12
[1.310s] Invoked command in '/home/chandansinghchauhan/programming/robotics/mulitTurtlebot3/build/multi_bot_bringup' returned '0': CMAKE_PREFIX_PATH=${CMAKE_PREFIX_PATH}:/home/chandansinghchauhan/programming/robotics/AdvanceRos2_ws/install/lifecycle_py:/home/chandansinghchauhan/programming/robotics/AdvanceRos2_ws/install/actions_py:/home/chandansinghchauhan/eyrc/eyrc_hb/hb_task_2_ws/install/hb_task2b:/home/chandansinghchauhan/eyrc/eyrc_hb/hb_task_2_ws/install/hb_task2a:/home/chandansinghchauhan/eyrc/eyrc_hb/eyrc_hb_stage_2/task4/task_4C_ws/install/hb_camera:/home/chandansinghchauhan/eyrc/eyrc_hb/eyrc_hb_stage_2/task4/task_4C_ws/install/controller:/home/chandansinghchauhan/eyrc/eyrc_hb/eyrc_hb_stage_2/task4/task_4C_ws/install/cmd_vel:/home/chandansinghchauhan/programming/robotics/ros2_ws6/install/my_py_pkg:/opt/ros/humble /usr/bin/cmake --build /home/chandansinghchauhan/programming/robotics/mulitTurtlebot3/build/multi_bot_bringup -- -j12 -l12
[1.335s] Invoking command in '/home/chandansinghchauhan/programming/robotics/mulitTurtlebot3/build/multi_bot_bringup': CMAKE_PREFIX_PATH=${CMAKE_PREFIX_PATH}:/home/chandansinghchauhan/programming/robotics/AdvanceRos2_ws/install/lifecycle_py:/home/chandansinghchauhan/programming/robotics/AdvanceRos2_ws/install/actions_py:/home/chandansinghchauhan/eyrc/eyrc_hb/hb_task_2_ws/install/hb_task2b:/home/chandansinghchauhan/eyrc/eyrc_hb/hb_task_2_ws/install/hb_task2a:/home/chandansinghchauhan/eyrc/eyrc_hb/eyrc_hb_stage_2/task4/task_4C_ws/install/hb_camera:/home/chandansinghchauhan/eyrc/eyrc_hb/eyrc_hb_stage_2/task4/task_4C_ws/install/controller:/home/chandansinghchauhan/eyrc/eyrc_hb/eyrc_hb_stage_2/task4/task_4C_ws/install/cmd_vel:/home/chandansinghchauhan/programming/robotics/ros2_ws6/install/my_py_pkg:/opt/ros/humble /usr/bin/cmake --install /home/chandansinghchauhan/programming/robotics/mulitTurtlebot3/build/multi_bot_bringup
[1.338s] -- Install configuration: ""
[1.338s] -- Execute custom install script
[1.339s] -- Symlinking: /home/chandansinghchauhan/programming/robotics/mulitTurtlebot3/install/multi_bot_bringup/share/multi_bot_bringup/launch/turtlebot1.launch.py
[1.342s] -- Symlinking: /home/chandansinghchauhan/programming/robotics/mulitTurtlebot3/install/multi_bot_bringup/share/multi_bot_bringup/launch/turtlebot2.launch.py
[1.346s] -- Symlinking: /home/chandansinghchauhan/programming/robotics/mulitTurtlebot3/install/multi_bot_bringup/share/ament_index/resource_index/package_run_dependencies/multi_bot_bringup
[1.350s] -- Symlinking: /home/chandansinghchauhan/programming/robotics/mulitTurtlebot3/install/multi_bot_bringup/share/ament_index/resource_index/parent_prefix_path/multi_bot_bringup
[1.353s] -- Symlinking: /home/chandansinghchauhan/programming/robotics/mulitTurtlebot3/install/multi_bot_bringup/share/multi_bot_bringup/environment/ament_prefix_path.sh
[1.356s] -- Symlinking: /home/chandansinghchauhan/programming/robotics/mulitTurtlebot3/install/multi_bot_bringup/share/multi_bot_bringup/environment/ament_prefix_path.dsv
[1.359s] -- Symlinking: /home/chandansinghchauhan/programming/robotics/mulitTurtlebot3/install/multi_bot_bringup/share/multi_bot_bringup/environment/path.sh
[1.363s] -- Symlinking: /home/chandansinghchauhan/programming/robotics/mulitTurtlebot3/install/multi_bot_bringup/share/multi_bot_bringup/environment/path.dsv
[1.366s] -- Symlinking: /home/chandansinghchauhan/programming/robotics/mulitTurtlebot3/install/multi_bot_bringup/share/multi_bot_bringup/local_setup.bash
[1.370s] -- Symlinking: /home/chandansinghchauhan/programming/robotics/mulitTurtlebot3/install/multi_bot_bringup/share/multi_bot_bringup/local_setup.sh
[1.373s] -- Symlinking: /home/chandansinghchauhan/programming/robotics/mulitTurtlebot3/install/multi_bot_bringup/share/multi_bot_bringup/local_setup.zsh
[1.377s] -- Symlinking: /home/chandansinghchauhan/programming/robotics/mulitTurtlebot3/install/multi_bot_bringup/share/multi_bot_bringup/local_setup.dsv
[1.380s] -- Symlinking: /home/chandansinghchauhan/programming/robotics/mulitTurtlebot3/install/multi_bot_bringup/share/multi_bot_bringup/package.dsv
[1.384s] -- Symlinking: /home/chandansinghchauhan/programming/robotics/mulitTurtlebot3/install/multi_bot_bringup/share/ament_index/resource_index/packages/multi_bot_bringup
[1.387s] -- Symlinking: /home/chandansinghchauhan/programming/robotics/mulitTurtlebot3/install/multi_bot_bringup/share/multi_bot_bringup/cmake/multi_bot_bringupConfig.cmake
[1.390s] -- Symlinking: /home/chandansinghchauhan/programming/robotics/mulitTurtlebot3/install/multi_bot_bringup/share/multi_bot_bringup/cmake/multi_bot_bringupConfig-version.cmake
[1.393s] -- Symlinking: /home/chandansinghchauhan/programming/robotics/mulitTurtlebot3/install/multi_bot_bringup/share/multi_bot_bringup/package.xml
[1.398s] Invoked command in '/home/chandansinghchauhan/programming/robotics/mulitTurtlebot3/build/multi_bot_bringup' returned '0': CMAKE_PREFIX_PATH=${CMAKE_PREFIX_PATH}:/home/chandansinghchauhan/programming/robotics/AdvanceRos2_ws/install/lifecycle_py:/home/chandansinghchauhan/programming/robotics/AdvanceRos2_ws/install/actions_py:/home/chandansinghchauhan/eyrc/eyrc_hb/hb_task_2_ws/install/hb_task2b:/home/chandansinghchauhan/eyrc/eyrc_hb/hb_task_2_ws/install/hb_task2a:/home/chandansinghchauhan/eyrc/eyrc_hb/eyrc_hb_stage_2/task4/task_4C_ws/install/hb_camera:/home/chandansinghchauhan/eyrc/eyrc_hb/eyrc_hb_stage_2/task4/task_4C_ws/install/controller:/home/chandansinghchauhan/eyrc/eyrc_hb/eyrc_hb_stage_2/task4/task_4C_ws/install/cmd_vel:/home/chandansinghchauhan/programming/robotics/ros2_ws6/install/my_py_pkg:/opt/ros/humble /usr/bin/cmake --install /home/chandansinghchauhan/programming/robotics/mulitTurtlebot3/build/multi_bot_bringup
