[1.375s] DEBUG:colcon:Command line arguments: ['/usr/bin/colcon', 'build', '--symlink-install']
[1.375s] DEBUG:colcon:Parsed command line arguments: Namespace(log_base=None, log_level=None, verb_name='build', build_base='build', install_base='install', merge_install=False, symlink_install=True, test_result_base=None, continue_on_error=False, executor='parallel', parallel_workers=12, event_handlers=None, ignore_user_meta=False, metas=['./colcon.meta'], base_paths=['.'], packages_ignore=None, packages_ignore_regex=None, paths=None, packages_up_to=None, packages_up_to_regex=None, packages_above=None, packages_above_and_dependencies=None, packages_above_depth=None, packages_select_by_dep=None, packages_skip_by_dep=None, packages_skip_up_to=None, packages_select_build_failed=False, packages_skip_build_finished=False, packages_select_test_failures=False, packages_skip_test_passed=False, packages_select=None, packages_skip=None, packages_select_regex=None, packages_skip_regex=None, packages_start=None, packages_end=None, allow_overriding=[], cmake_args=None, cmake_target=None, cmake_target_skip_unavailable=False, cmake_clean_cache=False, cmake_clean_first=False, cmake_force_configure=False, ament_cmake_args=None, catkin_cmake_args=None, catkin_skip_building_tests=False, verb_parser=<colcon_defaults.argument_parser.defaults.DefaultArgumentsDecorator object at 0x7fcf34c4f640>, verb_extension=<colcon_core.verb.build.BuildVerb object at 0x7fcf34f61c60>, main=<bound method BuildVerb.main of <colcon_core.verb.build.BuildVerb object at 0x7fcf34f61c60>>)
[1.435s] Level 1:colcon.colcon_core.package_discovery:discover_packages(colcon_meta) check parameters
[1.435s] Level 1:colcon.colcon_core.package_discovery:discover_packages(recursive) check parameters
[1.435s] Level 1:colcon.colcon_core.package_discovery:discover_packages(ignore) check parameters
[1.435s] Level 1:colcon.colcon_core.package_discovery:discover_packages(path) check parameters
[1.435s] Level 1:colcon.colcon_core.package_discovery:discover_packages(colcon_meta) discover
[1.435s] Level 1:colcon.colcon_core.package_discovery:discover_packages(recursive) discover
[1.435s] INFO:colcon.colcon_core.package_discovery:Crawling recursively for packages in '/home/chandansinghchauhan/programming/robotics/mulitTurtlebot3'
[1.435s] Level 1:colcon.colcon_core.package_identification:_identify(.) by extensions ['ignore', 'ignore_ament_install']
[1.435s] Level 1:colcon.colcon_core.package_identification:_identify(.) by extension 'ignore'
[1.435s] Level 1:colcon.colcon_core.package_identification:_identify(.) by extension 'ignore_ament_install'
[1.435s] Level 1:colcon.colcon_core.package_identification:_identify(.) by extensions ['colcon_pkg']
[1.435s] Level 1:colcon.colcon_core.package_identification:_identify(.) by extension 'colcon_pkg'
[1.435s] Level 1:colcon.colcon_core.package_identification:_identify(.) by extensions ['colcon_meta']
[1.435s] Level 1:colcon.colcon_core.package_identification:_identify(.) by extension 'colcon_meta'
[1.435s] Level 1:colcon.colcon_core.package_identification:_identify(.) by extensions ['ros']
[1.435s] Level 1:colcon.colcon_core.package_identification:_identify(.) by extension 'ros'
[1.453s] Level 1:colcon.colcon_core.package_identification:_identify(.) by extensions ['cmake', 'python']
[1.453s] Level 1:colcon.colcon_core.package_identification:_identify(.) by extension 'cmake'
[1.453s] Level 1:colcon.colcon_core.package_identification:_identify(.) by extension 'python'
[1.453s] Level 1:colcon.colcon_core.package_identification:_identify(.) by extensions ['python_setup_py']
[1.453s] Level 1:colcon.colcon_core.package_identification:_identify(.) by extension 'python_setup_py'
[1.453s] Level 1:colcon.colcon_core.package_identification:_identify(build) by extensions ['ignore', 'ignore_ament_install']
[1.453s] Level 1:colcon.colcon_core.package_identification:_identify(build) by extension 'ignore'
[1.453s] Level 1:colcon.colcon_core.package_identification:_identify(build) ignored
[1.453s] Level 1:colcon.colcon_core.package_identification:_identify(install) by extensions ['ignore', 'ignore_ament_install']
[1.453s] Level 1:colcon.colcon_core.package_identification:_identify(install) by extension 'ignore'
[1.453s] Level 1:colcon.colcon_core.package_identification:_identify(install) ignored
[1.453s] Level 1:colcon.colcon_core.package_identification:_identify(log) by extensions ['ignore', 'ignore_ament_install']
[1.453s] Level 1:colcon.colcon_core.package_identification:_identify(log) by extension 'ignore'
[1.453s] Level 1:colcon.colcon_core.package_identification:_identify(log) ignored
[1.454s] Level 1:colcon.colcon_core.package_identification:_identify(src) by extensions ['ignore', 'ignore_ament_install']
[1.454s] Level 1:colcon.colcon_core.package_identification:_identify(src) by extension 'ignore'
[1.454s] Level 1:colcon.colcon_core.package_identification:_identify(src) by extension 'ignore_ament_install'
[1.454s] Level 1:colcon.colcon_core.package_identification:_identify(src) by extensions ['colcon_pkg']
[1.454s] Level 1:colcon.colcon_core.package_identification:_identify(src) by extension 'colcon_pkg'
[1.454s] Level 1:colcon.colcon_core.package_identification:_identify(src) by extensions ['colcon_meta']
[1.454s] Level 1:colcon.colcon_core.package_identification:_identify(src) by extension 'colcon_meta'
[1.454s] Level 1:colcon.colcon_core.package_identification:_identify(src) by extensions ['ros']
[1.454s] Level 1:colcon.colcon_core.package_identification:_identify(src) by extension 'ros'
[1.454s] Level 1:colcon.colcon_core.package_identification:_identify(src) by extensions ['cmake', 'python']
[1.454s] Level 1:colcon.colcon_core.package_identification:_identify(src) by extension 'cmake'
[1.454s] Level 1:colcon.colcon_core.package_identification:_identify(src) by extension 'python'
[1.454s] Level 1:colcon.colcon_core.package_identification:_identify(src) by extensions ['python_setup_py']
[1.454s] Level 1:colcon.colcon_core.package_identification:_identify(src) by extension 'python_setup_py'
[1.454s] Level 1:colcon.colcon_core.package_identification:_identify(src/multi_bot_bringup) by extensions ['ignore', 'ignore_ament_install']
[1.454s] Level 1:colcon.colcon_core.package_identification:_identify(src/multi_bot_bringup) by extension 'ignore'
[1.454s] Level 1:colcon.colcon_core.package_identification:_identify(src/multi_bot_bringup) by extension 'ignore_ament_install'
[1.454s] Level 1:colcon.colcon_core.package_identification:_identify(src/multi_bot_bringup) by extensions ['colcon_pkg']
[1.454s] Level 1:colcon.colcon_core.package_identification:_identify(src/multi_bot_bringup) by extension 'colcon_pkg'
[1.454s] Level 1:colcon.colcon_core.package_identification:_identify(src/multi_bot_bringup) by extensions ['colcon_meta']
[1.454s] Level 1:colcon.colcon_core.package_identification:_identify(src/multi_bot_bringup) by extension 'colcon_meta'
[1.454s] Level 1:colcon.colcon_core.package_identification:_identify(src/multi_bot_bringup) by extensions ['ros']
[1.454s] Level 1:colcon.colcon_core.package_identification:_identify(src/multi_bot_bringup) by extension 'ros'
[1.457s] DEBUG:colcon.colcon_core.package_identification:Package 'src/multi_bot_bringup' with type 'ros.ament_cmake' and name 'multi_bot_bringup'
[1.457s] Level 1:colcon.colcon_core.package_discovery:discover_packages(recursive) using defaults
[1.457s] Level 1:colcon.colcon_core.package_discovery:discover_packages(ignore) discover
[1.457s] Level 1:colcon.colcon_core.package_discovery:discover_packages(ignore) using defaults
[1.457s] Level 1:colcon.colcon_core.package_discovery:discover_packages(path) discover
[1.457s] Level 1:colcon.colcon_core.package_discovery:discover_packages(path) using defaults
[1.555s] Level 1:colcon.colcon_core.package_discovery:discover_packages(prefix_path) check parameters
[1.555s] Level 1:colcon.colcon_core.package_discovery:discover_packages(prefix_path) discover
[1.595s] DEBUG:colcon.colcon_installed_package_information.package_discovery:Found 2 installed packages in /home/chandansinghchauhan/uros_ws/install
[1.612s] DEBUG:colcon.colcon_installed_package_information.package_discovery:Found 5 installed packages in /home/chandansinghchauhan/eyrc/eyrc_hb/hb_task_2_ws/install
[1.629s] DEBUG:colcon.colcon_installed_package_information.package_discovery:Found 5 installed packages in /home/chandansinghchauhan/programming/robotics/AdvanceRos2_ws/install
[1.646s] DEBUG:colcon.colcon_installed_package_information.package_discovery:Found 4 installed packages in /home/chandansinghchauhan/eyrc/eyrc_hb/eyrc_hb_stage_2/task4/task_4C_ws/install
[1.664s] DEBUG:colcon.colcon_installed_package_information.package_discovery:Found 5 installed packages in /home/chandansinghchauhan/programming/robotics/ros2_ws6/install
[1.681s] DEBUG:colcon.colcon_installed_package_information.package_discovery:Found 404 installed packages in /opt/ros/humble
[1.682s] Level 1:colcon.colcon_core.package_discovery:discover_packages(prefix_path) using defaults
[1.846s] Level 5:colcon.colcon_core.verb:set package 'multi_bot_bringup' build argument 'cmake_args' from command line to 'None'
[1.846s] Level 5:colcon.colcon_core.verb:set package 'multi_bot_bringup' build argument 'cmake_target' from command line to 'None'
[1.846s] Level 5:colcon.colcon_core.verb:set package 'multi_bot_bringup' build argument 'cmake_target_skip_unavailable' from command line to 'False'
[1.846s] Level 5:colcon.colcon_core.verb:set package 'multi_bot_bringup' build argument 'cmake_clean_cache' from command line to 'False'
[1.846s] Level 5:colcon.colcon_core.verb:set package 'multi_bot_bringup' build argument 'cmake_clean_first' from command line to 'False'
[1.846s] Level 5:colcon.colcon_core.verb:set package 'multi_bot_bringup' build argument 'cmake_force_configure' from command line to 'False'
[1.846s] Level 5:colcon.colcon_core.verb:set package 'multi_bot_bringup' build argument 'ament_cmake_args' from command line to 'None'
[1.846s] Level 5:colcon.colcon_core.verb:set package 'multi_bot_bringup' build argument 'catkin_cmake_args' from command line to 'None'
[1.846s] Level 5:colcon.colcon_core.verb:set package 'multi_bot_bringup' build argument 'catkin_skip_building_tests' from command line to 'False'
[1.846s] DEBUG:colcon.colcon_core.verb:Building package 'multi_bot_bringup' with the following arguments: {'ament_cmake_args': None, 'build_base': '/home/chandansinghchauhan/programming/robotics/mulitTurtlebot3/build/multi_bot_bringup', 'catkin_cmake_args': None, 'catkin_skip_building_tests': False, 'cmake_args': None, 'cmake_clean_cache': False, 'cmake_clean_first': False, 'cmake_force_configure': False, 'cmake_target': None, 'cmake_target_skip_unavailable': False, 'install_base': '/home/chandansinghchauhan/programming/robotics/mulitTurtlebot3/install/multi_bot_bringup', 'merge_install': False, 'path': '/home/chandansinghchauhan/programming/robotics/mulitTurtlebot3/src/multi_bot_bringup', 'symlink_install': True, 'test_result_base': None}
[1.861s] INFO:colcon.colcon_core.executor:Executing jobs using 'parallel' executor
[1.876s] DEBUG:colcon.colcon_parallel_executor.executor.parallel:run_until_complete
[1.876s] INFO:colcon.colcon_ros.task.ament_cmake.build:Building ROS package in '/home/chandansinghchauhan/programming/robotics/mulitTurtlebot3/src/multi_bot_bringup' with build type 'ament_cmake'
[1.876s] INFO:colcon.colcon_cmake.task.cmake.build:Building CMake package in '/home/chandansinghchauhan/programming/robotics/mulitTurtlebot3/src/multi_bot_bringup'
[1.909s] INFO:colcon.colcon_core.plugin_system:Skipping extension 'colcon_core.shell.bat': Not used on non-Windows systems
[1.909s] INFO:colcon.colcon_core.shell:Skip shell extension 'powershell' for command environment: Not usable outside of PowerShell
[1.909s] DEBUG:colcon.colcon_core.shell:Skip shell extension 'dsv' for command environment
[2.038s] DEBUG:colcon.colcon_core.event_handler.log_command:Invoking command in '/home/chandansinghchauhan/programming/robotics/mulitTurtlebot3/build/multi_bot_bringup': CMAKE_PREFIX_PATH=${CMAKE_PREFIX_PATH}:/home/chandansinghchauhan/programming/robotics/AdvanceRos2_ws/install/lifecycle_py:/home/chandansinghchauhan/programming/robotics/AdvanceRos2_ws/install/actions_py:/home/chandansinghchauhan/eyrc/eyrc_hb/hb_task_2_ws/install/hb_task2b:/home/chandansinghchauhan/eyrc/eyrc_hb/hb_task_2_ws/install/hb_task2a:/home/chandansinghchauhan/eyrc/eyrc_hb/eyrc_hb_stage_2/task4/task_4C_ws/install/hb_camera:/home/chandansinghchauhan/eyrc/eyrc_hb/eyrc_hb_stage_2/task4/task_4C_ws/install/controller:/home/chandansinghchauhan/eyrc/eyrc_hb/eyrc_hb_stage_2/task4/task_4C_ws/install/cmd_vel:/home/chandansinghchauhan/programming/robotics/ros2_ws6/install/my_py_pkg:/opt/ros/humble /usr/bin/cmake /home/chandansinghchauhan/programming/robotics/mulitTurtlebot3/src/multi_bot_bringup -DAMENT_CMAKE_SYMLINK_INSTALL=1 -DCMAKE_INSTALL_PREFIX=/home/chandansinghchauhan/programming/robotics/mulitTurtlebot3/install/multi_bot_bringup
[3.168s] DEBUG:colcon.colcon_core.event_handler.log_command:Invoked command in '/home/chandansinghchauhan/programming/robotics/mulitTurtlebot3/build/multi_bot_bringup' returned '0': CMAKE_PREFIX_PATH=${CMAKE_PREFIX_PATH}:/home/chandansinghchauhan/programming/robotics/AdvanceRos2_ws/install/lifecycle_py:/home/chandansinghchauhan/programming/robotics/AdvanceRos2_ws/install/actions_py:/home/chandansinghchauhan/eyrc/eyrc_hb/hb_task_2_ws/install/hb_task2b:/home/chandansinghchauhan/eyrc/eyrc_hb/hb_task_2_ws/install/hb_task2a:/home/chandansinghchauhan/eyrc/eyrc_hb/eyrc_hb_stage_2/task4/task_4C_ws/install/hb_camera:/home/chandansinghchauhan/eyrc/eyrc_hb/eyrc_hb_stage_2/task4/task_4C_ws/install/controller:/home/chandansinghchauhan/eyrc/eyrc_hb/eyrc_hb_stage_2/task4/task_4C_ws/install/cmd_vel:/home/chandansinghchauhan/programming/robotics/ros2_ws6/install/my_py_pkg:/opt/ros/humble /usr/bin/cmake /home/chandansinghchauhan/programming/robotics/mulitTurtlebot3/src/multi_bot_bringup -DAMENT_CMAKE_SYMLINK_INSTALL=1 -DCMAKE_INSTALL_PREFIX=/home/chandansinghchauhan/programming/robotics/mulitTurtlebot3/install/multi_bot_bringup
[3.170s] DEBUG:colcon.colcon_core.event_handler.log_command:Invoking command in '/home/chandansinghchauhan/programming/robotics/mulitTurtlebot3/build/multi_bot_bringup': CMAKE_PREFIX_PATH=${CMAKE_PREFIX_PATH}:/home/chandansinghchauhan/programming/robotics/AdvanceRos2_ws/install/lifecycle_py:/home/chandansinghchauhan/programming/robotics/AdvanceRos2_ws/install/actions_py:/home/chandansinghchauhan/eyrc/eyrc_hb/hb_task_2_ws/install/hb_task2b:/home/chandansinghchauhan/eyrc/eyrc_hb/hb_task_2_ws/install/hb_task2a:/home/chandansinghchauhan/eyrc/eyrc_hb/eyrc_hb_stage_2/task4/task_4C_ws/install/hb_camera:/home/chandansinghchauhan/eyrc/eyrc_hb/eyrc_hb_stage_2/task4/task_4C_ws/install/controller:/home/chandansinghchauhan/eyrc/eyrc_hb/eyrc_hb_stage_2/task4/task_4C_ws/install/cmd_vel:/home/chandansinghchauhan/programming/robotics/ros2_ws6/install/my_py_pkg:/opt/ros/humble /usr/bin/cmake --build /home/chandansinghchauhan/programming/robotics/mulitTurtlebot3/build/multi_bot_bringup -- -j12 -l12
[3.187s] DEBUG:colcon.colcon_core.event_handler.log_command:Invoked command in '/home/chandansinghchauhan/programming/robotics/mulitTurtlebot3/build/multi_bot_bringup' returned '0': CMAKE_PREFIX_PATH=${CMAKE_PREFIX_PATH}:/home/chandansinghchauhan/programming/robotics/AdvanceRos2_ws/install/lifecycle_py:/home/chandansinghchauhan/programming/robotics/AdvanceRos2_ws/install/actions_py:/home/chandansinghchauhan/eyrc/eyrc_hb/hb_task_2_ws/install/hb_task2b:/home/chandansinghchauhan/eyrc/eyrc_hb/hb_task_2_ws/install/hb_task2a:/home/chandansinghchauhan/eyrc/eyrc_hb/eyrc_hb_stage_2/task4/task_4C_ws/install/hb_camera:/home/chandansinghchauhan/eyrc/eyrc_hb/eyrc_hb_stage_2/task4/task_4C_ws/install/controller:/home/chandansinghchauhan/eyrc/eyrc_hb/eyrc_hb_stage_2/task4/task_4C_ws/install/cmd_vel:/home/chandansinghchauhan/programming/robotics/ros2_ws6/install/my_py_pkg:/opt/ros/humble /usr/bin/cmake --build /home/chandansinghchauhan/programming/robotics/mulitTurtlebot3/build/multi_bot_bringup -- -j12 -l12
[3.212s] DEBUG:colcon.colcon_core.event_handler.log_command:Invoking command in '/home/chandansinghchauhan/programming/robotics/mulitTurtlebot3/build/multi_bot_bringup': CMAKE_PREFIX_PATH=${CMAKE_PREFIX_PATH}:/home/chandansinghchauhan/programming/robotics/AdvanceRos2_ws/install/lifecycle_py:/home/chandansinghchauhan/programming/robotics/AdvanceRos2_ws/install/actions_py:/home/chandansinghchauhan/eyrc/eyrc_hb/hb_task_2_ws/install/hb_task2b:/home/chandansinghchauhan/eyrc/eyrc_hb/hb_task_2_ws/install/hb_task2a:/home/chandansinghchauhan/eyrc/eyrc_hb/eyrc_hb_stage_2/task4/task_4C_ws/install/hb_camera:/home/chandansinghchauhan/eyrc/eyrc_hb/eyrc_hb_stage_2/task4/task_4C_ws/install/controller:/home/chandansinghchauhan/eyrc/eyrc_hb/eyrc_hb_stage_2/task4/task_4C_ws/install/cmd_vel:/home/chandansinghchauhan/programming/robotics/ros2_ws6/install/my_py_pkg:/opt/ros/humble /usr/bin/cmake --install /home/chandansinghchauhan/programming/robotics/mulitTurtlebot3/build/multi_bot_bringup
[3.274s] Level 1:colcon.colcon_core.environment:create_environment_scripts_only(multi_bot_bringup)
[3.274s] DEBUG:colcon.colcon_core.event_handler.log_command:Invoked command in '/home/chandansinghchauhan/programming/robotics/mulitTurtlebot3/build/multi_bot_bringup' returned '0': CMAKE_PREFIX_PATH=${CMAKE_PREFIX_PATH}:/home/chandansinghchauhan/programming/robotics/AdvanceRos2_ws/install/lifecycle_py:/home/chandansinghchauhan/programming/robotics/AdvanceRos2_ws/install/actions_py:/home/chandansinghchauhan/eyrc/eyrc_hb/hb_task_2_ws/install/hb_task2b:/home/chandansinghchauhan/eyrc/eyrc_hb/hb_task_2_ws/install/hb_task2a:/home/chandansinghchauhan/eyrc/eyrc_hb/eyrc_hb_stage_2/task4/task_4C_ws/install/hb_camera:/home/chandansinghchauhan/eyrc/eyrc_hb/eyrc_hb_stage_2/task4/task_4C_ws/install/controller:/home/chandansinghchauhan/eyrc/eyrc_hb/eyrc_hb_stage_2/task4/task_4C_ws/install/cmd_vel:/home/chandansinghchauhan/programming/robotics/ros2_ws6/install/my_py_pkg:/opt/ros/humble /usr/bin/cmake --install /home/chandansinghchauhan/programming/robotics/mulitTurtlebot3/build/multi_bot_bringup
[3.294s] Level 1:colcon.colcon_core.environment:checking '/home/chandansinghchauhan/programming/robotics/mulitTurtlebot3/install/multi_bot_bringup' for CMake module files
[3.295s] Level 1:colcon.colcon_core.environment:checking '/home/chandansinghchauhan/programming/robotics/mulitTurtlebot3/install/multi_bot_bringup' for CMake config files
[3.295s] Level 1:colcon.colcon_core.shell:create_environment_hook('multi_bot_bringup', 'cmake_prefix_path')
[3.310s] INFO:colcon.colcon_core.shell:Creating environment hook '/home/chandansinghchauhan/programming/robotics/mulitTurtlebot3/install/multi_bot_bringup/share/multi_bot_bringup/hook/cmake_prefix_path.ps1'
[3.311s] INFO:colcon.colcon_core.shell:Creating environment descriptor '/home/chandansinghchauhan/programming/robotics/mulitTurtlebot3/install/multi_bot_bringup/share/multi_bot_bringup/hook/cmake_prefix_path.dsv'
[3.311s] INFO:colcon.colcon_core.shell:Creating environment hook '/home/chandansinghchauhan/programming/robotics/mulitTurtlebot3/install/multi_bot_bringup/share/multi_bot_bringup/hook/cmake_prefix_path.sh'
[3.312s] Level 1:colcon.colcon_core.environment:checking '/home/chandansinghchauhan/programming/robotics/mulitTurtlebot3/install/multi_bot_bringup/bin'
[3.312s] Level 1:colcon.colcon_core.environment:checking '/home/chandansinghchauhan/programming/robotics/mulitTurtlebot3/install/multi_bot_bringup/lib/pkgconfig/multi_bot_bringup.pc'
[3.313s] Level 1:colcon.colcon_core.environment:checking '/home/chandansinghchauhan/programming/robotics/mulitTurtlebot3/install/multi_bot_bringup/lib/python3.10/site-packages'
[3.313s] Level 1:colcon.colcon_core.environment:checking '/home/chandansinghchauhan/programming/robotics/mulitTurtlebot3/install/multi_bot_bringup/bin'
[3.328s] INFO:colcon.colcon_core.shell:Creating package script '/home/chandansinghchauhan/programming/robotics/mulitTurtlebot3/install/multi_bot_bringup/share/multi_bot_bringup/package.ps1'
[3.328s] INFO:colcon.colcon_core.shell:Creating package descriptor '/home/chandansinghchauhan/programming/robotics/mulitTurtlebot3/install/multi_bot_bringup/share/multi_bot_bringup/package.dsv'
[3.329s] INFO:colcon.colcon_core.shell:Creating package script '/home/chandansinghchauhan/programming/robotics/mulitTurtlebot3/install/multi_bot_bringup/share/multi_bot_bringup/package.sh'
[3.329s] INFO:colcon.colcon_core.shell:Creating package script '/home/chandansinghchauhan/programming/robotics/mulitTurtlebot3/install/multi_bot_bringup/share/multi_bot_bringup/package.bash'
[3.330s] INFO:colcon.colcon_core.shell:Creating package script '/home/chandansinghchauhan/programming/robotics/mulitTurtlebot3/install/multi_bot_bringup/share/multi_bot_bringup/package.zsh'
[3.331s] Level 1:colcon.colcon_core.environment:create_file_with_runtime_dependencies(/home/chandansinghchauhan/programming/robotics/mulitTurtlebot3/install/multi_bot_bringup/share/colcon-core/packages/multi_bot_bringup)
[3.367s] Level 1:colcon.colcon_core.environment:create_environment_scripts_only(multi_bot_bringup)
[3.382s] Level 1:colcon.colcon_core.environment:checking '/home/chandansinghchauhan/programming/robotics/mulitTurtlebot3/install/multi_bot_bringup' for CMake module files
[3.382s] Level 1:colcon.colcon_core.environment:checking '/home/chandansinghchauhan/programming/robotics/mulitTurtlebot3/install/multi_bot_bringup' for CMake config files
[3.383s] Level 1:colcon.colcon_core.shell:create_environment_hook('multi_bot_bringup', 'cmake_prefix_path')
[3.397s] INFO:colcon.colcon_core.shell:Creating environment hook '/home/chandansinghchauhan/programming/robotics/mulitTurtlebot3/install/multi_bot_bringup/share/multi_bot_bringup/hook/cmake_prefix_path.ps1'
[3.397s] INFO:colcon.colcon_core.shell:Creating environment descriptor '/home/chandansinghchauhan/programming/robotics/mulitTurtlebot3/install/multi_bot_bringup/share/multi_bot_bringup/hook/cmake_prefix_path.dsv'
[3.398s] INFO:colcon.colcon_core.shell:Creating environment hook '/home/chandansinghchauhan/programming/robotics/mulitTurtlebot3/install/multi_bot_bringup/share/multi_bot_bringup/hook/cmake_prefix_path.sh'
[3.398s] Level 1:colcon.colcon_core.environment:checking '/home/chandansinghchauhan/programming/robotics/mulitTurtlebot3/install/multi_bot_bringup/bin'
[3.398s] Level 1:colcon.colcon_core.environment:checking '/home/chandansinghchauhan/programming/robotics/mulitTurtlebot3/install/multi_bot_bringup/lib/pkgconfig/multi_bot_bringup.pc'
[3.398s] Level 1:colcon.colcon_core.environment:checking '/home/chandansinghchauhan/programming/robotics/mulitTurtlebot3/install/multi_bot_bringup/lib/python3.10/site-packages'
[3.398s] Level 1:colcon.colcon_core.environment:checking '/home/chandansinghchauhan/programming/robotics/mulitTurtlebot3/install/multi_bot_bringup/bin'
[3.414s] INFO:colcon.colcon_core.shell:Creating package script '/home/chandansinghchauhan/programming/robotics/mulitTurtlebot3/install/multi_bot_bringup/share/multi_bot_bringup/package.ps1'
[3.414s] INFO:colcon.colcon_core.shell:Creating package descriptor '/home/chandansinghchauhan/programming/robotics/mulitTurtlebot3/install/multi_bot_bringup/share/multi_bot_bringup/package.dsv'
[3.414s] INFO:colcon.colcon_core.shell:Creating package script '/home/chandansinghchauhan/programming/robotics/mulitTurtlebot3/install/multi_bot_bringup/share/multi_bot_bringup/package.sh'
[3.415s] INFO:colcon.colcon_core.shell:Creating package script '/home/chandansinghchauhan/programming/robotics/mulitTurtlebot3/install/multi_bot_bringup/share/multi_bot_bringup/package.bash'
[3.415s] INFO:colcon.colcon_core.shell:Creating package script '/home/chandansinghchauhan/programming/robotics/mulitTurtlebot3/install/multi_bot_bringup/share/multi_bot_bringup/package.zsh'
[3.415s] Level 1:colcon.colcon_core.environment:create_file_with_runtime_dependencies(/home/chandansinghchauhan/programming/robotics/mulitTurtlebot3/install/multi_bot_bringup/share/colcon-core/packages/multi_bot_bringup)
[3.416s] DEBUG:colcon.colcon_parallel_executor.executor.parallel:closing loop
[3.416s] DEBUG:colcon.colcon_parallel_executor.executor.parallel:loop closed
[3.416s] DEBUG:colcon.colcon_parallel_executor.executor.parallel:run_until_complete finished with '0'
[3.416s] DEBUG:colcon.colcon_core.event_reactor:joining thread
[3.438s] INFO:colcon.colcon_core.plugin_system:Skipping extension 'colcon_notification.desktop_notification.terminal_notifier': Not used on non-Darwin systems
[3.438s] INFO:colcon.colcon_core.plugin_system:Skipping extension 'colcon_notification.desktop_notification.win32': Not used on non-Windows systems
[3.438s] INFO:colcon.colcon_notification.desktop_notification:Sending desktop notification using 'notify2'
[3.451s] DEBUG:colcon.colcon_core.event_reactor:joined thread
[3.468s] INFO:colcon.colcon_core.shell:Creating prefix script '/home/chandansinghchauhan/programming/robotics/mulitTurtlebot3/install/local_setup.ps1'
[3.469s] INFO:colcon.colcon_core.shell:Creating prefix util module '/home/chandansinghchauhan/programming/robotics/mulitTurtlebot3/install/_local_setup_util_ps1.py'
[3.471s] INFO:colcon.colcon_core.shell:Creating prefix chain script '/home/chandansinghchauhan/programming/robotics/mulitTurtlebot3/install/setup.ps1'
[3.487s] INFO:colcon.colcon_core.shell:Creating prefix script '/home/chandansinghchauhan/programming/robotics/mulitTurtlebot3/install/local_setup.sh'
[3.488s] INFO:colcon.colcon_core.shell:Creating prefix util module '/home/chandansinghchauhan/programming/robotics/mulitTurtlebot3/install/_local_setup_util_sh.py'
[3.488s] INFO:colcon.colcon_core.shell:Creating prefix chain script '/home/chandansinghchauhan/programming/robotics/mulitTurtlebot3/install/setup.sh'
[3.505s] INFO:colcon.colcon_core.shell:Creating prefix script '/home/chandansinghchauhan/programming/robotics/mulitTurtlebot3/install/local_setup.bash'
[3.506s] INFO:colcon.colcon_core.shell:Creating prefix chain script '/home/chandansinghchauhan/programming/robotics/mulitTurtlebot3/install/setup.bash'
[3.524s] INFO:colcon.colcon_core.shell:Creating prefix script '/home/chandansinghchauhan/programming/robotics/mulitTurtlebot3/install/local_setup.zsh'
[3.525s] INFO:colcon.colcon_core.shell:Creating prefix chain script '/home/chandansinghchauhan/programming/robotics/mulitTurtlebot3/install/setup.zsh'
