[1.172s] DEBUG:colcon:Command line arguments: ['/usr/bin/colcon', 'list', '-p', '--base-paths', '/home/chandansinghchauhan/programming/robotics/mulitTurtlebot3']
[1.172s] DEBUG:colcon:Parsed command line arguments: Namespace(log_base=None, log_level=None, verb_name='list', build_base='build', ignore_user_meta=False, metas=['./colcon.meta'], base_paths=['/home/chandansinghchauhan/programming/robotics/mulitTurtlebot3'], packages_ignore=None, packages_ignore_regex=None, paths=None, packages_up_to=None, packages_up_to_regex=None, packages_above=None, packages_above_and_dependencies=None, packages_above_depth=None, packages_select_by_dep=None, packages_skip_by_dep=None, packages_skip_up_to=None, packages_select_build_failed=False, packages_skip_build_finished=False, packages_select_test_failures=False, packages_skip_test_passed=False, packages_select=None, packages_skip=None, packages_select_regex=None, packages_skip_regex=None, packages_start=None, packages_end=None, allow_overriding=[], topological_order=False, names_only=False, paths_only=True, topological_graph=False, topological_graph_dot=False, topological_graph_density=False, topological_graph_legend=False, topological_graph_dot_cluster=False, topological_graph_dot_include_skipped=False, verb_parser=<colcon_defaults.argument_parser.defaults.DefaultArgumentsDecorator object at 0x7f50c0747f10>, verb_extension=<colcon_package_information.verb.list.ListVerb object at 0x7f50c0939840>, main=<bound method ListVerb.main of <colcon_package_information.verb.list.ListVerb object at 0x7f50c0939840>>)
[1.224s] Level 1:colcon.colcon_core.package_discovery:discover_packages(colcon_meta) check parameters
[1.224s] Level 1:colcon.colcon_core.package_discovery:discover_packages(recursive) check parameters
[1.225s] Level 1:colcon.colcon_core.package_discovery:discover_packages(ignore) check parameters
[1.225s] Level 1:colcon.colcon_core.package_discovery:discover_packages(path) check parameters
[1.225s] Level 1:colcon.colcon_core.package_discovery:discover_packages(recursive) discover
[1.225s] INFO:colcon.colcon_core.package_discovery:Crawling recursively for packages in '/home/chandansinghchauhan/programming/robotics/mulitTurtlebot3'
[1.225s] Level 1:colcon.colcon_core.package_identification:_identify(/home/chandansinghchauhan/programming/robotics/mulitTurtlebot3) by extensions ['ignore', 'ignore_ament_install']
[1.225s] Level 1:colcon.colcon_core.package_identification:_identify(/home/chandansinghchauhan/programming/robotics/mulitTurtlebot3) by extension 'ignore'
[1.225s] Level 1:colcon.colcon_core.package_identification:_identify(/home/chandansinghchauhan/programming/robotics/mulitTurtlebot3) by extension 'ignore_ament_install'
[1.225s] Level 1:colcon.colcon_core.package_identification:_identify(/home/chandansinghchauhan/programming/robotics/mulitTurtlebot3) by extensions ['colcon_pkg']
[1.225s] Level 1:colcon.colcon_core.package_identification:_identify(/home/chandansinghchauhan/programming/robotics/mulitTurtlebot3) by extension 'colcon_pkg'
[1.225s] Level 1:colcon.colcon_core.package_identification:_identify(/home/chandansinghchauhan/programming/robotics/mulitTurtlebot3) by extensions ['colcon_meta']
[1.225s] Level 1:colcon.colcon_core.package_identification:_identify(/home/chandansinghchauhan/programming/robotics/mulitTurtlebot3) by extension 'colcon_meta'
[1.225s] Level 1:colcon.colcon_core.package_identification:_identify(/home/chandansinghchauhan/programming/robotics/mulitTurtlebot3) by extensions ['ros']
[1.225s] Level 1:colcon.colcon_core.package_identification:_identify(/home/chandansinghchauhan/programming/robotics/mulitTurtlebot3) by extension 'ros'
[1.237s] Level 1:colcon.colcon_core.package_identification:_identify(/home/chandansinghchauhan/programming/robotics/mulitTurtlebot3) by extensions ['cmake', 'python']
[1.237s] Level 1:colcon.colcon_core.package_identification:_identify(/home/chandansinghchauhan/programming/robotics/mulitTurtlebot3) by extension 'cmake'
[1.237s] Level 1:colcon.colcon_core.package_identification:_identify(/home/chandansinghchauhan/programming/robotics/mulitTurtlebot3) by extension 'python'
[1.237s] Level 1:colcon.colcon_core.package_identification:_identify(/home/chandansinghchauhan/programming/robotics/mulitTurtlebot3) by extensions ['python_setup_py']
[1.237s] Level 1:colcon.colcon_core.package_identification:_identify(/home/chandansinghchauhan/programming/robotics/mulitTurtlebot3) by extension 'python_setup_py'
[1.237s] Level 1:colcon.colcon_core.package_identification:_identify(/home/chandansinghchauhan/programming/robotics/mulitTurtlebot3/build) by extensions ['ignore', 'ignore_ament_install']
[1.237s] Level 1:colcon.colcon_core.package_identification:_identify(/home/chandansinghchauhan/programming/robotics/mulitTurtlebot3/build) by extension 'ignore'
[1.237s] Level 1:colcon.colcon_core.package_identification:_identify(/home/chandansinghchauhan/programming/robotics/mulitTurtlebot3/build) ignored
[1.237s] Level 1:colcon.colcon_core.package_identification:_identify(/home/chandansinghchauhan/programming/robotics/mulitTurtlebot3/install) by extensions ['ignore', 'ignore_ament_install']
[1.238s] Level 1:colcon.colcon_core.package_identification:_identify(/home/chandansinghchauhan/programming/robotics/mulitTurtlebot3/install) by extension 'ignore'
[1.238s] Level 1:colcon.colcon_core.package_identification:_identify(/home/chandansinghchauhan/programming/robotics/mulitTurtlebot3/install) ignored
[1.238s] Level 1:colcon.colcon_core.package_identification:_identify(/home/chandansinghchauhan/programming/robotics/mulitTurtlebot3/log) by extensions ['ignore', 'ignore_ament_install']
[1.238s] Level 1:colcon.colcon_core.package_identification:_identify(/home/chandansinghchauhan/programming/robotics/mulitTurtlebot3/log) by extension 'ignore'
[1.238s] Level 1:colcon.colcon_core.package_identification:_identify(/home/chandansinghchauhan/programming/robotics/mulitTurtlebot3/log) ignored
[1.238s] Level 1:colcon.colcon_core.package_identification:_identify(/home/chandansinghchauhan/programming/robotics/mulitTurtlebot3/map_stitcher) by extensions ['ignore', 'ignore_ament_install']
[1.238s] Level 1:colcon.colcon_core.package_identification:_identify(/home/chandansinghchauhan/programming/robotics/mulitTurtlebot3/map_stitcher) by extension 'ignore'
[1.238s] Level 1:colcon.colcon_core.package_identification:_identify(/home/chandansinghchauhan/programming/robotics/mulitTurtlebot3/map_stitcher) by extension 'ignore_ament_install'
[1.238s] Level 1:colcon.colcon_core.package_identification:_identify(/home/chandansinghchauhan/programming/robotics/mulitTurtlebot3/map_stitcher) by extensions ['colcon_pkg']
[1.238s] Level 1:colcon.colcon_core.package_identification:_identify(/home/chandansinghchauhan/programming/robotics/mulitTurtlebot3/map_stitcher) by extension 'colcon_pkg'
[1.238s] Level 1:colcon.colcon_core.package_identification:_identify(/home/chandansinghchauhan/programming/robotics/mulitTurtlebot3/map_stitcher) by extensions ['colcon_meta']
[1.238s] Level 1:colcon.colcon_core.package_identification:_identify(/home/chandansinghchauhan/programming/robotics/mulitTurtlebot3/map_stitcher) by extension 'colcon_meta'
[1.238s] Level 1:colcon.colcon_core.package_identification:_identify(/home/chandansinghchauhan/programming/robotics/mulitTurtlebot3/map_stitcher) by extensions ['ros']
[1.239s] Level 1:colcon.colcon_core.package_identification:_identify(/home/chandansinghchauhan/programming/robotics/mulitTurtlebot3/map_stitcher) by extension 'ros'
[1.239s] Level 1:colcon.colcon_core.package_identification:_identify(/home/chandansinghchauhan/programming/robotics/mulitTurtlebot3/map_stitcher) by extensions ['cmake', 'python']
[1.239s] Level 1:colcon.colcon_core.package_identification:_identify(/home/chandansinghchauhan/programming/robotics/mulitTurtlebot3/map_stitcher) by extension 'cmake'
[1.239s] Level 1:colcon.colcon_core.package_identification:_identify(/home/chandansinghchauhan/programming/robotics/mulitTurtlebot3/map_stitcher) by extension 'python'
[1.239s] Level 1:colcon.colcon_core.package_identification:_identify(/home/chandansinghchauhan/programming/robotics/mulitTurtlebot3/map_stitcher) by extensions ['python_setup_py']
[1.239s] Level 1:colcon.colcon_core.package_identification:_identify(/home/chandansinghchauhan/programming/robotics/mulitTurtlebot3/map_stitcher) by extension 'python_setup_py'
[1.239s] Level 1:colcon.colcon_core.package_identification:_identify(/home/chandansinghchauhan/programming/robotics/mulitTurtlebot3/map_stitcher/code) by extensions ['ignore', 'ignore_ament_install']
[1.239s] Level 1:colcon.colcon_core.package_identification:_identify(/home/chandansinghchauhan/programming/robotics/mulitTurtlebot3/map_stitcher/code) by extension 'ignore'
[1.239s] Level 1:colcon.colcon_core.package_identification:_identify(/home/chandansinghchauhan/programming/robotics/mulitTurtlebot3/map_stitcher/code) by extension 'ignore_ament_install'
[1.239s] Level 1:colcon.colcon_core.package_identification:_identify(/home/chandansinghchauhan/programming/robotics/mulitTurtlebot3/map_stitcher/code) by extensions ['colcon_pkg']
[1.239s] Level 1:colcon.colcon_core.package_identification:_identify(/home/chandansinghchauhan/programming/robotics/mulitTurtlebot3/map_stitcher/code) by extension 'colcon_pkg'
[1.239s] Level 1:colcon.colcon_core.package_identification:_identify(/home/chandansinghchauhan/programming/robotics/mulitTurtlebot3/map_stitcher/code) by extensions ['colcon_meta']
[1.239s] Level 1:colcon.colcon_core.package_identification:_identify(/home/chandansinghchauhan/programming/robotics/mulitTurtlebot3/map_stitcher/code) by extension 'colcon_meta'
[1.239s] Level 1:colcon.colcon_core.package_identification:_identify(/home/chandansinghchauhan/programming/robotics/mulitTurtlebot3/map_stitcher/code) by extensions ['ros']
[1.239s] Level 1:colcon.colcon_core.package_identification:_identify(/home/chandansinghchauhan/programming/robotics/mulitTurtlebot3/map_stitcher/code) by extension 'ros'
[1.240s] Level 1:colcon.colcon_core.package_identification:_identify(/home/chandansinghchauhan/programming/robotics/mulitTurtlebot3/map_stitcher/code) by extensions ['cmake', 'python']
[1.240s] Level 1:colcon.colcon_core.package_identification:_identify(/home/chandansinghchauhan/programming/robotics/mulitTurtlebot3/map_stitcher/code) by extension 'cmake'
[1.240s] Level 1:colcon.colcon_core.package_identification:_identify(/home/chandansinghchauhan/programming/robotics/mulitTurtlebot3/map_stitcher/code) by extension 'python'
[1.240s] Level 1:colcon.colcon_core.package_identification:_identify(/home/chandansinghchauhan/programming/robotics/mulitTurtlebot3/map_stitcher/code) by extensions ['python_setup_py']
[1.240s] Level 1:colcon.colcon_core.package_identification:_identify(/home/chandansinghchauhan/programming/robotics/mulitTurtlebot3/map_stitcher/code) by extension 'python_setup_py'
[1.240s] Level 1:colcon.colcon_core.package_identification:_identify(/home/chandansinghchauhan/programming/robotics/mulitTurtlebot3/map_stitcher/maps) by extensions ['ignore', 'ignore_ament_install']
[1.240s] Level 1:colcon.colcon_core.package_identification:_identify(/home/chandansinghchauhan/programming/robotics/mulitTurtlebot3/map_stitcher/maps) by extension 'ignore'
[1.240s] Level 1:colcon.colcon_core.package_identification:_identify(/home/chandansinghchauhan/programming/robotics/mulitTurtlebot3/map_stitcher/maps) by extension 'ignore_ament_install'
[1.240s] Level 1:colcon.colcon_core.package_identification:_identify(/home/chandansinghchauhan/programming/robotics/mulitTurtlebot3/map_stitcher/maps) by extensions ['colcon_pkg']
[1.240s] Level 1:colcon.colcon_core.package_identification:_identify(/home/chandansinghchauhan/programming/robotics/mulitTurtlebot3/map_stitcher/maps) by extension 'colcon_pkg'
[1.240s] Level 1:colcon.colcon_core.package_identification:_identify(/home/chandansinghchauhan/programming/robotics/mulitTurtlebot3/map_stitcher/maps) by extensions ['colcon_meta']
[1.240s] Level 1:colcon.colcon_core.package_identification:_identify(/home/chandansinghchauhan/programming/robotics/mulitTurtlebot3/map_stitcher/maps) by extension 'colcon_meta'
[1.240s] Level 1:colcon.colcon_core.package_identification:_identify(/home/chandansinghchauhan/programming/robotics/mulitTurtlebot3/map_stitcher/maps) by extensions ['ros']
[1.240s] Level 1:colcon.colcon_core.package_identification:_identify(/home/chandansinghchauhan/programming/robotics/mulitTurtlebot3/map_stitcher/maps) by extension 'ros'
[1.240s] Level 1:colcon.colcon_core.package_identification:_identify(/home/chandansinghchauhan/programming/robotics/mulitTurtlebot3/map_stitcher/maps) by extensions ['cmake', 'python']
[1.240s] Level 1:colcon.colcon_core.package_identification:_identify(/home/chandansinghchauhan/programming/robotics/mulitTurtlebot3/map_stitcher/maps) by extension 'cmake'
[1.241s] Level 1:colcon.colcon_core.package_identification:_identify(/home/chandansinghchauhan/programming/robotics/mulitTurtlebot3/map_stitcher/maps) by extension 'python'
[1.241s] Level 1:colcon.colcon_core.package_identification:_identify(/home/chandansinghchauhan/programming/robotics/mulitTurtlebot3/map_stitcher/maps) by extensions ['python_setup_py']
[1.241s] Level 1:colcon.colcon_core.package_identification:_identify(/home/chandansinghchauhan/programming/robotics/mulitTurtlebot3/map_stitcher/maps) by extension 'python_setup_py'
[1.241s] Level 1:colcon.colcon_core.package_identification:_identify(/home/chandansinghchauhan/programming/robotics/mulitTurtlebot3/src) by extensions ['ignore', 'ignore_ament_install']
[1.241s] Level 1:colcon.colcon_core.package_identification:_identify(/home/chandansinghchauhan/programming/robotics/mulitTurtlebot3/src) by extension 'ignore'
[1.241s] Level 1:colcon.colcon_core.package_identification:_identify(/home/chandansinghchauhan/programming/robotics/mulitTurtlebot3/src) by extension 'ignore_ament_install'
[1.241s] Level 1:colcon.colcon_core.package_identification:_identify(/home/chandansinghchauhan/programming/robotics/mulitTurtlebot3/src) by extensions ['colcon_pkg']
[1.241s] Level 1:colcon.colcon_core.package_identification:_identify(/home/chandansinghchauhan/programming/robotics/mulitTurtlebot3/src) by extension 'colcon_pkg'
[1.241s] Level 1:colcon.colcon_core.package_identification:_identify(/home/chandansinghchauhan/programming/robotics/mulitTurtlebot3/src) by extensions ['colcon_meta']
[1.241s] Level 1:colcon.colcon_core.package_identification:_identify(/home/chandansinghchauhan/programming/robotics/mulitTurtlebot3/src) by extension 'colcon_meta'
[1.241s] Level 1:colcon.colcon_core.package_identification:_identify(/home/chandansinghchauhan/programming/robotics/mulitTurtlebot3/src) by extensions ['ros']
[1.241s] Level 1:colcon.colcon_core.package_identification:_identify(/home/chandansinghchauhan/programming/robotics/mulitTurtlebot3/src) by extension 'ros'
[1.241s] Level 1:colcon.colcon_core.package_identification:_identify(/home/chandansinghchauhan/programming/robotics/mulitTurtlebot3/src) by extensions ['cmake', 'python']
[1.241s] Level 1:colcon.colcon_core.package_identification:_identify(/home/chandansinghchauhan/programming/robotics/mulitTurtlebot3/src) by extension 'cmake'
[1.241s] Level 1:colcon.colcon_core.package_identification:_identify(/home/chandansinghchauhan/programming/robotics/mulitTurtlebot3/src) by extension 'python'
[1.241s] Level 1:colcon.colcon_core.package_identification:_identify(/home/chandansinghchauhan/programming/robotics/mulitTurtlebot3/src) by extensions ['python_setup_py']
[1.241s] Level 1:colcon.colcon_core.package_identification:_identify(/home/chandansinghchauhan/programming/robotics/mulitTurtlebot3/src) by extension 'python_setup_py'
[1.242s] Level 1:colcon.colcon_core.package_identification:_identify(/home/chandansinghchauhan/programming/robotics/mulitTurtlebot3/src/multi_bot_bringup) by extensions ['ignore', 'ignore_ament_install']
[1.242s] Level 1:colcon.colcon_core.package_identification:_identify(/home/chandansinghchauhan/programming/robotics/mulitTurtlebot3/src/multi_bot_bringup) by extension 'ignore'
[1.242s] Level 1:colcon.colcon_core.package_identification:_identify(/home/chandansinghchauhan/programming/robotics/mulitTurtlebot3/src/multi_bot_bringup) by extension 'ignore_ament_install'
[1.242s] Level 1:colcon.colcon_core.package_identification:_identify(/home/chandansinghchauhan/programming/robotics/mulitTurtlebot3/src/multi_bot_bringup) by extensions ['colcon_pkg']
[1.242s] Level 1:colcon.colcon_core.package_identification:_identify(/home/chandansinghchauhan/programming/robotics/mulitTurtlebot3/src/multi_bot_bringup) by extension 'colcon_pkg'
[1.242s] Level 1:colcon.colcon_core.package_identification:_identify(/home/chandansinghchauhan/programming/robotics/mulitTurtlebot3/src/multi_bot_bringup) by extensions ['colcon_meta']
[1.242s] Level 1:colcon.colcon_core.package_identification:_identify(/home/chandansinghchauhan/programming/robotics/mulitTurtlebot3/src/multi_bot_bringup) by extension 'colcon_meta'
[1.242s] Level 1:colcon.colcon_core.package_identification:_identify(/home/chandansinghchauhan/programming/robotics/mulitTurtlebot3/src/multi_bot_bringup) by extensions ['ros']
[1.242s] Level 1:colcon.colcon_core.package_identification:_identify(/home/chandansinghchauhan/programming/robotics/mulitTurtlebot3/src/multi_bot_bringup) by extension 'ros'
[1.244s] DEBUG:colcon.colcon_core.package_identification:Package '/home/chandansinghchauhan/programming/robotics/mulitTurtlebot3/src/multi_bot_bringup' with type 'ros.ament_cmake' and name 'multi_bot_bringup'
[1.244s] Level 1:colcon.colcon_core.package_discovery:discover_packages(recursive) using defaults
